<?xml version="1.0" encoding="UTF-8"?>
<testsuite xmlns:xsi="http://www.w3.org/2001/XMLSchema-instance" xsi:noNamespaceSchemaLocation="https://maven.apache.org/surefire/maven-surefire-plugin/xsd/surefire-test-report-3.0.xsd" version="3.0" name="io.github.the_pocket.PocketFlowTest" time="0.045" tests="3" errors="0" skipped="0" failures="0">
  <properties>
[...]
</properties>
  <testcase name="testBranchingFlow" classname="io.github.the_pocket.PocketFlowTest" time="0.025">
    <system-out><![CDATA[ResultCaptureNode captured: 30
]]></system-out>
  </testcase>
  <testcase name="testBatchFlowExecution" classname="io.github.the_pocket.PocketFlowTest" time="0.003">
    <system-out><![CDATA[SimpleLogNode executed with multiplier: 2
SimpleLogNode executed with multiplier: 4
]]></system-out>
  </testcase>
  <testcase name="testSimpleLinearFlow" classname="io.github.the_pocket.PocketFlowTest" time="0.001">
    <system-out><![CDATA[ResultCaptureNode captured: 15
]]></system-out>
  </testcase>
</testsuite>